<?xml version="1.0" encoding="UTF-8"?>
<!-- Generated by org.testng.reporters.JUnitReportReporter -->
<testsuite hostname="Jitender" name="org.testing.testScripts.TC3" tests="1" failures="0" timestamp="13 Oct 2018 08:53:55 GMT" time="71.092" errors="0">
  <testcase name="test_case" time="71.092" classname="org.testing.testScripts.TC3"/>
</testsuite> <!-- org.testing.testScripts.TC3 -->
