<?xml version="1.0" encoding="UTF-8"?>
<!-- Generated by org.testng.reporters.JUnitReportReporter -->
<testsuite hostname="Jitender" name="org.testing.testScripts.TC4" tests="1" failures="0" timestamp="13 Oct 2018 08:53:55 GMT" time="118.115" errors="0">
  <testcase name="test_case" time="118.115" classname="org.testing.testScripts.TC4"/>
</testsuite> <!-- org.testing.testScripts.TC4 -->
